Unity Editor version:    2022.3.5f1 (9674261d40ee)
Branch:                  2022.3/release
Build type:              Release
Batch mode:              YES
macOS version:           Version 13.5.2 (Build 22G91)
Darwin version:          22.6.0
Architecture:            arm64
Running under Rosetta:   NO
Available memory:        16384 MB
Using pre-set license
Pro License: YES

COMMAND LINE ARGUMENTS:
/Volumes/SSD/Applications/Unity/2022.3.5f1/Unity.app/Contents/MacOS/Unity
-adb2
-batchMode
-noUpm
-name
AssetImportWorker1
-projectPath
/Volumes/SSD/Gambling/Rock of Ancient/Rock of Ancient
-logFile
Logs/AssetImportWorker1.log
-srvPort
53941
Successfully changed project path to: /Volumes/SSD/Gambling/Rock of Ancient/Rock of Ancient
/Volumes/SSD/Gambling/Rock of Ancient/Rock of Ancient
[UnityMemory] Configuration Parameters - Can be set up in boot.config
    "memorysetup-bucket-allocator-granularity=16"
    "memorysetup-bucket-allocator-bucket-count=8"
    "memorysetup-bucket-allocator-block-size=33554432"
    "memorysetup-bucket-allocator-block-count=8"
    "memorysetup-main-allocator-block-size=16777216"
    "memorysetup-thread-allocator-block-size=16777216"
    "memorysetup-gfx-main-allocator-block-size=16777216"
    "memorysetup-gfx-thread-allocator-block-size=16777216"
    "memorysetup-cache-allocator-block-size=4194304"
    "memorysetup-typetree-allocator-block-size=2097152"
    "memorysetup-profiler-bucket-allocator-granularity=16"
    "memorysetup-profiler-bucket-allocator-bucket-count=8"
    "memorysetup-profiler-bucket-allocator-block-size=33554432"
    "memorysetup-profiler-bucket-allocator-block-count=8"
    "memorysetup-profiler-allocator-block-size=16777216"
    "memorysetup-profiler-editor-allocator-block-size=1048576"
    "memorysetup-temp-allocator-size-main=16777216"
    "memorysetup-job-temp-allocator-block-size=2097152"
    "memorysetup-job-temp-allocator-block-size-background=1048576"
    "memorysetup-job-temp-allocator-reduction-small-platforms=262144"
    "memorysetup-allocator-temp-initial-block-size-main=262144"
    "memorysetup-allocator-temp-initial-block-size-worker=262144"
    "memorysetup-temp-allocator-size-background-worker=32768"
    "memorysetup-temp-allocator-size-job-worker=262144"
    "memorysetup-temp-allocator-size-preload-manager=33554432"
    "memorysetup-temp-allocator-size-nav-mesh-worker=65536"
    "memorysetup-temp-allocator-size-audio-worker=65536"
    "memorysetup-temp-allocator-size-cloud-worker=32768"
    "memorysetup-temp-allocator-size-gi-baking-worker=262144"
    "memorysetup-temp-allocator-size-gfx=262144"
Player connection [8618303616] Host "[IP] 192.168.1.5 [Port] 0 [Flags] 2 [Guid] 2422601 [EditorId] 2422601 [Version] 1048832 [Id] OSXEditor(0,Sergejs-MacBook-Pro.local) [Debug] 1 [PackageName] OSXEditor [ProjectName] Editor" joined multi-casting on [225.0.0.222:54997]...

Player connection [8618303616] Host "[IP] 192.168.1.5 [Port] 0 [Flags] 2 [Guid] 2422601 [EditorId] 2422601 [Version] 1048832 [Id] OSXEditor(0,Sergejs-MacBook-Pro.local) [Debug] 1 [PackageName] OSXEditor [ProjectName] Editor" joined alternative multi-casting on [225.0.0.222:34997]...

Refreshing native plugins compatible for Editor in 6.20 ms, found 3 plugins.
Preloading 0 native plugins for Editor in 0.00 ms.
Initialize engine version: 2022.3.5f1 (9674261d40ee)
[Subsystems] Discovering subsystems at path /Volumes/SSD/Applications/Unity/2022.3.5f1/Unity.app/Contents/Resources/UnitySubsystems
[Subsystems] Discovering subsystems at path /Volumes/SSD/Gambling/Rock of Ancient/Rock of Ancient/Assets
GfxDevice: creating device client; threaded=0; jobified=0
 preferred device: Apple M1 (high power)
Metal devices available: 1
0: Apple M1 (high power)
Using device Apple M1 (high power)
Initializing Metal device caps: Apple M1
Initialize mono
Mono path[0] = '/Volumes/SSD/Applications/Unity/2022.3.5f1/Unity.app/Contents/Managed'
Mono path[1] = '/Volumes/SSD/Applications/Unity/2022.3.5f1/Unity.app/Contents/MonoBleedingEdge/lib/mono/unityjit-macos'
Mono config path = '/Volumes/SSD/Applications/Unity/2022.3.5f1/Unity.app/Contents/MonoBleedingEdge/etc'
Using monoOptions --debugger-agent=transport=dt_socket,embedding=1,server=y,suspend=n,address=127.0.0.1:56480
Begin MonoManager ReloadAssembly
Registering precompiled unity dll's ...
Register platform support module: /Volumes/SSD/Applications/Unity/2022.3.5f1/PlaybackEngines/WebGLSupport/UnityEditor.WebGL.Extensions.dll
Register platform support module: /Volumes/SSD/Applications/Unity/2022.3.5f1/Unity.app/Contents/PlaybackEngines/MacStandaloneSupport/UnityEditor.OSXStandalone.Extensions.dll
Register platform support module: /Volumes/SSD/Applications/Unity/2022.3.5f1/PlaybackEngines/AndroidPlayer/UnityEditor.Android.Extensions.dll
Register platform support module: /Volumes/SSD/Applications/Unity/2022.3.5f1/PlaybackEngines/iOSSupport/UnityEditor.iOS.Extensions.dll
Register platform support module: /Volumes/SSD/Applications/Unity/2022.3.5f1/PlaybackEngines/WindowsStandaloneSupport/UnityEditor.WindowsStandalone.Extensions.dll
Register platform support module: /Volumes/SSD/Applications/Unity/2022.3.5f1/PlaybackEngines/LinuxStandaloneSupport/UnityEditor.LinuxStandalone.Extensions.dll
Registered in 0.002761 seconds.
- Loaded All Assemblies, in  0.205 seconds
Native extension for LinuxStandalone target not found
Native extension for WindowsStandalone target not found
[usbmuxd] Start listen thread
[usbmuxd] Listen thread started
[usbmuxd] Send listen message
[usbmuxd] Attached: 73 00008030-001D04EC0AE9802E
Native extension for iOS target not found
Native extension for Android target not found
Android Extension - Scanning For ADB Devices 150 ms
Native extension for OSXStandalone target not found
Native extension for WebGL target not found
Mono: successfully reloaded assembly
- Finished resetting the current domain, in  0.408 seconds
Domain Reload Profiling: 614ms
	BeginReloadAssembly (44ms)
		ExecutionOrderSort (0ms)
		DisableScriptedObjects (0ms)
		BackupInstance (0ms)
		ReleaseScriptingObjects (0ms)
		CreateAndSetChildDomain (0ms)
	RebuildCommonClasses (23ms)
	RebuildNativeTypeToScriptingClass (8ms)
	initialDomainReloadingComplete (32ms)
	LoadAllAssembliesAndSetupDomain (97ms)
		LoadAssemblies (44ms)
		RebuildTransferFunctionScriptingTraits (0ms)
		AnalyzeDomain (95ms)
			TypeCache.Refresh (95ms)
				TypeCache.ScanAssembly (87ms)
			ScanForSourceGeneratedMonoScriptInfo (0ms)
			ResolveRequiredComponents (0ms)
	FinalizeReload (408ms)
		ReleaseScriptCaches (0ms)
		RebuildScriptCaches (0ms)
		SetupLoadedEditorAssemblies (370ms)
			LogAssemblyErrors (0ms)
			InitializePlatformSupportModulesInManaged (288ms)
			SetLoadedEditorAssemblies (3ms)
			RefreshPlugins (0ms)
			BeforeProcessingInitializeOnLoad (1ms)
			ProcessInitializeOnLoadAttributes (53ms)
			ProcessInitializeOnLoadMethodAttributes (25ms)
			AfterProcessingInitializeOnLoad (0ms)
			EditorAssembliesLoaded (0ms)
		ExecutionOrderSort2 (0ms)
		AwakeInstancesAfterBackupRestoration (0ms)
========================================================================
Worker process is ready to serve import requests
Begin MonoManager ReloadAssembly
Symbol file LoadedFromMemory doesn't match image /Volumes/SSD/Gambling/Rock of Ancient/Rock of Ancient/Library/PackageCache/com.unity.visualscripting@1.8.0/Editor/VisualScripting.Core/Dependencies/YamlDotNet/Unity.VisualScripting.YamlDotNet.dll
Symbol file LoadedFromMemory doesn't match image /Volumes/SSD/Gambling/Rock of Ancient/Rock of Ancient/Library/PackageCache/com.unity.visualscripting@1.8.0/Editor/VisualScripting.Core/Dependencies/DotNetZip/Unity.VisualScripting.IonicZip.dll
- Loaded All Assemblies, in  0.506 seconds
Refreshing native plugins compatible for Editor in 2.52 ms, found 3 plugins.
Native extension for LinuxStandalone target not found
Native extension for WindowsStandalone target not found
Native extension for iOS target not found
Native extension for Android target not found
Native extension for OSXStandalone target not found
Native extension for WebGL target not found
Mono: successfully reloaded assembly
- Finished resetting the current domain, in  0.367 seconds
Domain Reload Profiling: 873ms
	BeginReloadAssembly (76ms)
		ExecutionOrderSort (0ms)
		DisableScriptedObjects (3ms)
		BackupInstance (0ms)
		ReleaseScriptingObjects (0ms)
		CreateAndSetChildDomain (22ms)
	RebuildCommonClasses (24ms)
	RebuildNativeTypeToScriptingClass (8ms)
	initialDomainReloadingComplete (26ms)
	LoadAllAssembliesAndSetupDomain (371ms)
		LoadAssemblies (189ms)
		RebuildTransferFunctionScriptingTraits (0ms)
		AnalyzeDomain (212ms)
			TypeCache.Refresh (201ms)
				TypeCache.ScanAssembly (192ms)
			ScanForSourceGeneratedMonoScriptInfo (8ms)
			ResolveRequiredComponents (3ms)
	FinalizeReload (368ms)
		ReleaseScriptCaches (0ms)
		RebuildScriptCaches (0ms)
		SetupLoadedEditorAssemblies (265ms)
			LogAssemblyErrors (0ms)
			InitializePlatformSupportModulesInManaged (38ms)
			SetLoadedEditorAssemblies (3ms)
			RefreshPlugins (0ms)
			BeforeProcessingInitializeOnLoad (35ms)
			ProcessInitializeOnLoadAttributes (176ms)
			ProcessInitializeOnLoadMethodAttributes (12ms)
			AfterProcessingInitializeOnLoad (1ms)
			EditorAssembliesLoaded (0ms)
		ExecutionOrderSort2 (0ms)
		AwakeInstancesAfterBackupRestoration (2ms)
Launching external process: /Volumes/SSD/Applications/Unity/2022.3.5f1/Unity.app/Contents/Tools/UnityShaderCompiler
Launched and connected shader compiler UnityShaderCompiler after 0.06 seconds
Refreshing native plugins compatible for Editor in 2.48 ms, found 3 plugins.
Preloading 0 native plugins for Editor in 0.00 ms.
Unloading 3269 Unused Serialized files (Serialized files now loaded: 0)
Unloading 78 unused Assets / (71.6 KB). Loaded Objects now: 3741.
Memory consumption went from 211.1 MB to 211.1 MB.
Total: 2.665791 ms (FindLiveObjects: 0.132125 ms CreateObjectMapping: 0.042000 ms MarkObjects: 2.292125 ms  DeleteObjects: 0.198792 ms)

AssetImportParameters requested are different than current active one (requested -> active):
  custom:scripting/monoscript/fileName/JoystickEditor.cs: 406670d2fe263f5d7c582f8389f2b844 -> 
  custom:scripting/monoscript/fileName/TCP2_GradientManager.cs: a8cb5740870b39e316c8a7c50874ce30 -> 
  custom:container-demuxer-ogg: 62fdf1f143b41e24485cea50d1cbac27 -> 
  custom:scripting/monoscript/fileName/JoystickPlayerExample.cs: 2ec96b3abad264f4393a91b76b487cb7 -> 
  custom:scripting/monoscript/fileName/TCP2_ShaderGeneratorUtils.cs: 9c7aac7c5398a863aa5ef5699292a33b -> 
  custom:scripting/monoscript/fileName/GameManager.cs: 9933fbcc6190e2a9171c2ec8808a053e -> 
  custom:scripting/monoscript/fileName/JoystickSetterExample.cs: 9ef810522df7cdd512f52a98ae7a04f9 -> 
  custom:video-decoder-ogg-theora: a1e56fd34408186e4bbccfd4996cb3dc -> 
  custom:scripting/monoscript/fileName/TCP2_GetPosOnWater_Editor.cs: ce4559eba0076e67582edc9e5cd1bf3a -> 
  custom:scripting/monoscript/fileName/DynamicJoystickEditor.cs: f92673ca2cd03c2f140cf81ccfee7ccb -> 
  custom:scripting/monoscript/fileName/SkyboxRotator.cs: c122ade9e2d3a916264f47a45be02789 -> 
  custom:scripting/monoscript/fileName/TCP2_GUI.cs: 9da1aa00fa03a8cbbe4fb2bfbd8b3735 -> 
  custom:scripting/monoscript/fileName/TCP2_RuntimeUtils.cs: 0ab6ce00215d9042340fffb5effaa22e -> 
  custom:scripting/monoscript/fileName/DynamicJoystick.cs: fa6fdbd0de9beec4a70bc764c26bb796 -> 
  custom:scripting/monoscript/fileName/LettersCollor.cs: 402d8b8e44dd69e1dafef36c3f717549 -> 
  custom:scripting/monoscript/fileName/PlayerMovementControl.cs: e889c2ce82e6f10e940d9faf87e23dfd -> 
  custom:CustomObjectIndexerAttribute: 756ad292c208cfabdd7b50bc23989ffe -> 
  custom:scripting/monoscript/fileName/LettersObjectEnabler.cs: 59c855d0fa9ca03a91607287ec8282f3 -> 
  custom:container-demuxer-webm: 4f35f7cbe854078d1ac9338744f61a02 -> 
  custom:scripting/monoscript/fileName/TCP2_Utils.cs: 81e4f24e908420966db1cce671db2b86 -> 
  custom:scripting/monoscript/fileName/TCP2_MaterialInspector_PBS_SG.cs: 460ebbf2e36fea092951c957b6df65dc -> 
  custom:scripting/monoscript/fileName/TCP2_Menu.cs: ce2e1bd819fc9a5ea875522ead7a6986 -> 
  custom:scripting/monoscript/fileName/FloatingJoystick.cs: 516035e2342d093d90fb2bd11ff41e68 -> 
  custom:scripting/monoscript/fileName/CameraFollow.cs: de990732cc429467f8f49571d0872163 -> 
  custom:scripting/monoscript/fileName/TCP2_CameraDepth.cs: 0a8ab1e1af7670fc41941ea34ebb62e3 -> 
  custom:scripting/monoscript/fileName/FPSWalkerEnhanced.cs: 83ef146d82d16e0154acb6ccb6ea706a -> 
  custom:scripting/monoscript/fileName/Singleton.cs: 8f6297df34271fdb1ce2d9607ec6261d -> 90647cc400823b41df847a6cbfc29026
  custom:container-muxer-webm: aa71ff27fc2769a1b78a27578f13a17b -> 
  custom:video-decoder-webm-vp8: 9c59270c3fd7afecdb556c50c9e8de78 -> 
  custom:scripting/monoscript/fileName/TCP2_ShaderUpdateUnityTime_Editor.cs: a68e8abab89e6087f8c8574c7a99d5b5 -> 
  custom:scripting/monoscript/fileName/TCP2_ShaderGenerator.UIFeatures.cs: 1d2933bc56d7311d0449931f9ae688f2 -> 
  custom:scripting/monoscript/fileName/SkyboxChanger.cs: 27a9374ce1608ea6a343361af3aa7d38 -> 
  custom:AudioImporter_EditorPlatform: 3918e3fc78b5a79bad01e8451be0beb8 -> 
  custom:scripting/monoscript/fileName/TCP2_MaterialInspector_SurfacePBS_SG.cs: 696d30802c64eaebeea55667b0b9a9c6 -> 
  custom:scripting/monoscript/fileName/LevelLetter.cs: f44979240834efd79bf8f7ee42ba99fb -> 
  custom:scripting/monoscript/fileName/VariableJoystickEditor.cs: fee5e077b31909c4bba3d7329fdefd90 -> 
  custom:scripting/monoscript/fileName/TCP2_ShaderUpdateUnityTime.cs: 0ab4f42e01b5882e48eac30fe2c1ac94 -> 
  custom:scripting/monoscript/fileName/TCP2_PlanarReflection.cs: 1c507eb294014d8ee727c3dba8d8c63c -> 
  custom:scripting/monoscript/fileName/TCP2_RampGenerator.cs: cee165a3e5b21fb77b2dbbeaaf6f541a -> 
  custom:framework-osx-AVFoundation: e770b220cccbd017edd2c1fefb359320 -> 
  custom:scripting/monoscript/fileName/TCP2_MaterialInspector_SG.cs: d25c305f0c08552721eedcbb0a919d08 -> 
  custom:scripting/monoscript/fileName/LevelNumberManager.cs: 52a6f1687733b22d1a66109b72d802bf -> 
  custom:scripting/monoscript/fileName/TCP2_Config.cs: 89373d780ee9ac0e5180adf975f4999e -> 
  custom:video-encoder-webm-vp8: eb34c28f22e8b96e1ab97ce403110664 -> 
  custom:scripting/monoscript/fileName/TCP2_MaterialInspector.cs: 3c34d9c8cd5840743f2b2846879ca4b0 -> 
  custom:scripting/monoscript/fileName/SmoothMouseLook.cs: e12fd67feef9d119daa060f2b0fae928 -> 
  custom:scripting/monoscript/fileName/TCP2_GetPosOnWater.cs: 1bd6b61ff2aaea8774213482829b7e04 -> 
  custom:audio-decoder-ogg-vorbis: bf7c407c2cedff20999df2af8eb42d56 -> 
  custom:scripting/monoscript/fileName/LettersFollow.cs: 63f9ccb07f04632cf428d62ebbce452a -> 
  custom:scripting/monoscript/fileName/TCP2_OutlineInspector.cs: 05d125d75323aa4419b44ac4f482c81c -> 
  custom:scripting/monoscript/fileName/FloatingJoystickEditor.cs: 20a94efd412f2009d4e6722fe16a3051 -> 
  custom:scripting/monoscript/fileName/VariableJoystick.cs: 6a21e483212ef280c767be5522709419 -> 
  custom:scripting/monoscript/fileName/FixedJoystick.cs: ceaced0056a716bd82a85e0f3d488361 -> 
  custom:scripting/monoscript/fileName/EnemyMovement.cs: 412fe8bfc02b303367e86c00beafba4d -> 
  custom:scripting/monoscript/fileName/TCP2_ExpressionParser.cs: bce801af8075035dd5ce8fa98c7fff39 -> 
  custom:scripting/monoscript/fileName/TCP2_MaterialInspector_PBS.cs: d24cd2826ab76e671701064f2ee9284a -> 
  custom:scripting/monoscript/fileName/TCP2_SmoothedNormalsUtility.cs: a2d8e9a6bfea1459eaab740b372d1d2f -> 
  custom:scripting/monoscript/fileName/Joystick.cs: c13c665079b3ba178e3a8ef05c62070b -> 
  custom:audio-encoder-webm-vorbis: bf7c407c2cedff20999df2af8eb42d56 -> 
========================================================================
Received Import Request.
  Time since last request: 12037.913905 seconds.
  path: Assets/Game/Scenes/Intro.unity
  artifactKey: Guid(2cda990e2423bbf4892e6590ba056729) Importer(815301076,1909f56bfc062723c751e8b465ee728b)
Start importing Assets/Game/Scenes/Intro.unity using Guid(2cda990e2423bbf4892e6590ba056729) Importer(815301076,1909f56bfc062723c751e8b465ee728b)  -> (artifact id: 'c637a0f9d8274b6949fa455956f7cc59') in 0.001081 seconds
Number of updated asset objects reloaded before import = 0
Number of asset objects unloaded after import = 0
========================================================================
Received Import Request.
  Time since last request: 0.000051 seconds.
  path: Assets/Game/Scenes/Level 1.unity
  artifactKey: Guid(39ef2d81125bc4d358082d5f278642f8) Importer(815301076,1909f56bfc062723c751e8b465ee728b)
Start importing Assets/Game/Scenes/Level 1.unity using Guid(39ef2d81125bc4d358082d5f278642f8) Importer(815301076,1909f56bfc062723c751e8b465ee728b)  -> (artifact id: 'ba82cc3033a04cd09e30e9969d002c41') in 0.000158 seconds
Number of updated asset objects reloaded before import = 0
Number of asset objects unloaded after import = 0
========================================================================
Received Import Request.
  Time since last request: 0.000066 seconds.
  path: Assets/Game/Scenes/Level 2.unity
  artifactKey: Guid(99d7f49e90647406e81d947d6ea6c990) Importer(815301076,1909f56bfc062723c751e8b465ee728b)
Start importing Assets/Game/Scenes/Level 2.unity using Guid(99d7f49e90647406e81d947d6ea6c990) Importer(815301076,1909f56bfc062723c751e8b465ee728b)  -> (artifact id: '3c2233f5920a6267c1cd29d96e068b10') in 0.000098 seconds
Number of updated asset objects reloaded before import = 0
Number of asset objects unloaded after import = 0
[usbmuxd] Detached: 73 00008030-001D04EC0AE9802E
[usbmuxd] Attached: 97 00008030-001D04EC0AE9802E
[usbmuxd] Detached: 97 00008030-001D04EC0AE9802E
[usbmuxd] Attached: 98 00008030-001D04EC0AE9802E
[usbmuxd] Detached: 98 00008030-001D04EC0AE9802E
[usbmuxd] Attached: 99 00008030-001D04EC0AE9802E
[usbmuxd] Detached: 99 00008030-001D04EC0AE9802E
[usbmuxd] Attached: 100 00008030-001D04EC0AE9802E
[usbmuxd] Detached: 100 00008030-001D04EC0AE9802E
[usbmuxd] Attached: 101 00008030-001D04EC0AE9802E
[usbmuxd] Detached: 101 00008030-001D04EC0AE9802E
[usbmuxd] Attached: 102 00008030-001D04EC0AE9802E
[usbmuxd] Detached: 102 00008030-001D04EC0AE9802E
[usbmuxd] Attached: 103 00008030-001D04EC0AE9802E
[usbmuxd] Detached: 103 00008030-001D04EC0AE9802E
[usbmuxd] Attached: 104 00008030-001D04EC0AE9802E
[usbmuxd] Detached: 104 00008030-001D04EC0AE9802E
[usbmuxd] Attached: 105 00008030-001D04EC0AE9802E
[usbmuxd] Detached: 105 00008030-001D04EC0AE9802E
[usbmuxd] Attached: 106 00008030-001D04EC0AE9802E
[usbmuxd] Detached: 106 00008030-001D04EC0AE9802E
[usbmuxd] Attached: 107 00008030-001D04EC0AE9802E
[usbmuxd] Detached: 107 00008030-001D04EC0AE9802E
[usbmuxd] Attached: 108 00008030-001D04EC0AE9802E
[usbmuxd] Detached: 108 00008030-001D04EC0AE9802E
[usbmuxd] Attached: 111 00008030-001D04EC0AE9802E
[usbmuxd] Detached: 111 00008030-001D04EC0AE9802E
[usbmuxd] Attached: 112 00008030-001D04EC0AE9802E
[usbmuxd] Detached: 112 00008030-001D04EC0AE9802E
[usbmuxd] Attached: 113 00008030-001D04EC0AE9802E
[usbmuxd] Detached: 113 00008030-001D04EC0AE9802E
[usbmuxd] Attached: 115 00008030-001D04EC0AE9802E
[usbmuxd] Detached: 115 00008030-001D04EC0AE9802E
[usbmuxd] Attached: 118 00008030-001D04EC0AE9802E
[usbmuxd] Detached: 118 00008030-001D04EC0AE9802E
[usbmuxd] Attached: 120 00008030-001D04EC0AE9802E
[usbmuxd] Detached: 120 00008030-001D04EC0AE9802E
[usbmuxd] Attached: 121 00008030-001D04EC0AE9802E
[usbmuxd] Detached: 121 00008030-001D04EC0AE9802E
[usbmuxd] Attached: 122 00008030-001D04EC0AE9802E
[usbmuxd] Detached: 122 00008030-001D04EC0AE9802E
[usbmuxd] Attached: 123 00008030-001D04EC0AE9802E
[usbmuxd] Detached: 123 00008030-001D04EC0AE9802E
[usbmuxd] Attached: 124 00008030-001D04EC0AE9802E
[usbmuxd] Detached: 124 00008030-001D04EC0AE9802E
[usbmuxd] Attached: 125 00008030-001D04EC0AE9802E
[usbmuxd] Detached: 125 00008030-001D04EC0AE9802E
[usbmuxd] Attached: 126 00008030-001D04EC0AE9802E
[usbmuxd] Detached: 126 00008030-001D04EC0AE9802E
[usbmuxd] Attached: 127 00008030-001D04EC0AE9802E
[usbmuxd] Detached: 127 00008030-001D04EC0AE9802E
[usbmuxd] Attached: 128 00008030-001D04EC0AE9802E
[usbmuxd] Detached: 128 00008030-001D04EC0AE9802E
[usbmuxd] Attached: 132 00008030-001D04EC0AE9802E
[usbmuxd] Detached: 132 00008030-001D04EC0AE9802E
[usbmuxd] Attached: 135 00008030-001D04EC0AE9802E
[usbmuxd] Detached: 135 00008030-001D04EC0AE9802E
[usbmuxd] Attached: 136 00008030-001D04EC0AE9802E
[usbmuxd] Detached: 136 00008030-001D04EC0AE9802E
[usbmuxd] Attached: 137 00008030-001D04EC0AE9802E
[usbmuxd] Detached: 137 00008030-001D04EC0AE9802E
[usbmuxd] Attached: 139 00008030-001D04EC0AE9802E
[usbmuxd] Detached: 139 00008030-001D04EC0AE9802E
[usbmuxd] Attached: 140 00008030-001D04EC0AE9802E
[usbmuxd] Detached: 140 00008030-001D04EC0AE9802E
[usbmuxd] Attached: 143 00008030-001D04EC0AE9802E
[usbmuxd] Detached: 143 00008030-001D04EC0AE9802E
[usbmuxd] Attached: 145 00008030-001D04EC0AE9802E
[usbmuxd] Detached: 145 00008030-001D04EC0AE9802E
[usbmuxd] Attached: 146 00008030-001D04EC0AE9802E
[usbmuxd] Detached: 146 00008030-001D04EC0AE9802E
[usbmuxd] Attached: 147 00008030-001D04EC0AE9802E
[usbmuxd] Detached: 147 00008030-001D04EC0AE9802E
[usbmuxd] Attached: 149 00008030-001D04EC0AE9802E
[usbmuxd] Detached: 149 00008030-001D04EC0AE9802E
[usbmuxd] Attached: 150 00008030-001D04EC0AE9802E
[usbmuxd] Detached: 150 00008030-001D04EC0AE9802E
[usbmuxd] Attached: 151 00008030-001D04EC0AE9802E
[usbmuxd] Detached: 151 00008030-001D04EC0AE9802E
[usbmuxd] Attached: 152 00008030-001D04EC0AE9802E
[usbmuxd] Detached: 152 00008030-001D04EC0AE9802E
[usbmuxd] Attached: 153 00008030-001D04EC0AE9802E
[usbmuxd] Detached: 153 00008030-001D04EC0AE9802E
[usbmuxd] Attached: 154 00008030-001D04EC0AE9802E
[usbmuxd] Detached: 154 00008030-001D04EC0AE9802E
[usbmuxd] Attached: 155 00008030-001D04EC0AE9802E
[usbmuxd] Detached: 155 00008030-001D04EC0AE9802E
[usbmuxd] Attached: 156 00008030-001D04EC0AE9802E
[usbmuxd] Detached: 156 00008030-001D04EC0AE9802E
[usbmuxd] Attached: 157 00008030-001D04EC0AE9802E
[usbmuxd] Detached: 157 00008030-001D04EC0AE9802E
[usbmuxd] Attached: 158 00008030-001D04EC0AE9802E
[usbmuxd] Detached: 158 00008030-001D04EC0AE9802E
[usbmuxd] Attached: 160 00008030-001D04EC0AE9802E
[usbmuxd] Detached: 160 00008030-001D04EC0AE9802E
[usbmuxd] Attached: 161 00008030-001D04EC0AE9802E
[usbmuxd] Detached: 161 00008030-001D04EC0AE9802E
[usbmuxd] Attached: 162 00008030-001D04EC0AE9802E
[usbmuxd] Detached: 162 00008030-001D04EC0AE9802E
[usbmuxd] Attached: 163 00008030-001D04EC0AE9802E
[usbmuxd] Detached: 163 00008030-001D04EC0AE9802E
[usbmuxd] Attached: 164 00008030-001D04EC0AE9802E
[usbmuxd] Detached: 164 00008030-001D04EC0AE9802E
[usbmuxd] Attached: 165 00008030-001D04EC0AE9802E
[usbmuxd] Detached: 165 00008030-001D04EC0AE9802E
[usbmuxd] Attached: 166 00008030-001D04EC0AE9802E
[usbmuxd] Detached: 166 00008030-001D04EC0AE9802E
[usbmuxd] Attached: 167 00008030-001D04EC0AE9802E
[usbmuxd] Detached: 167 00008030-001D04EC0AE9802E
[usbmuxd] Attached: 168 00008030-001D04EC0AE9802E
[usbmuxd] Detached: 168 00008030-001D04EC0AE9802E
[usbmuxd] Attached: 169 00008030-001D04EC0AE9802E
[usbmuxd] Detached: 169 00008030-001D04EC0AE9802E
[usbmuxd] Attached: 170 00008030-001D04EC0AE9802E
[usbmuxd] Detached: 170 00008030-001D04EC0AE9802E
[usbmuxd] Attached: 178 00008030-001D04EC0AE9802E
[usbmuxd] Detached: 178 00008030-001D04EC0AE9802E
[usbmuxd] Attached: 184 00008030-001D04EC0AE9802E
[usbmuxd] Detached: 184 00008030-001D04EC0AE9802E
[usbmuxd] Attached: 188 00008030-001D04EC0AE9802E
[usbmuxd] Detached: 188 00008030-001D04EC0AE9802E
[usbmuxd] Attached: 190 00008030-001D04EC0AE9802E
[usbmuxd] Detached: 190 00008030-001D04EC0AE9802E
[usbmuxd] Attached: 192 00008030-001D04EC0AE9802E
[usbmuxd] Detached: 192 00008030-001D04EC0AE9802E
[usbmuxd] Attached: 193 00008030-001D04EC0AE9802E
[usbmuxd] Detached: 193 00008030-001D04EC0AE9802E
[usbmuxd] Attached: 194 00008030-001D04EC0AE9802E
[usbmuxd] Detached: 194 00008030-001D04EC0AE9802E
[usbmuxd] Attached: 195 00008030-001D04EC0AE9802E
[usbmuxd] Detached: 195 00008030-001D04EC0AE9802E
[usbmuxd] Attached: 196 00008030-001D04EC0AE9802E
[usbmuxd] Detached: 196 00008030-001D04EC0AE9802E
[usbmuxd] Attached: 197 00008030-001D04EC0AE9802E
[usbmuxd] Detached: 197 00008030-001D04EC0AE9802E
[usbmuxd] Attached: 199 00008030-001D04EC0AE9802E
[usbmuxd] Detached: 199 00008030-001D04EC0AE9802E
[usbmuxd] Attached: 201 00008030-001D04EC0AE9802E
[usbmuxd] Detached: 201 00008030-001D04EC0AE9802E
[usbmuxd] Attached: 204 00008030-001D04EC0AE9802E
[usbmuxd] Detached: 204 00008030-001D04EC0AE9802E
[usbmuxd] Attached: 205 00008030-001D04EC0AE9802E
[usbmuxd] Detached: 205 00008030-001D04EC0AE9802E
[usbmuxd] Attached: 209 00008030-001D04EC0AE9802E
[usbmuxd] Detached: 209 00008030-001D04EC0AE9802E
[usbmuxd] Attached: 212 00008030-001D04EC0AE9802E
[usbmuxd] Detached: 212 00008030-001D04EC0AE9802E
[usbmuxd] Attached: 213 00008030-001D04EC0AE9802E
[usbmuxd] Detached: 213 00008030-001D04EC0AE9802E
[usbmuxd] Attached: 214 00008030-001D04EC0AE9802E
[usbmuxd] Detached: 214 00008030-001D04EC0AE9802E
[usbmuxd] Attached: 215 00008030-001D04EC0AE9802E
[usbmuxd] Detached: 215 00008030-001D04EC0AE9802E
[usbmuxd] Attached: 216 00008030-001D04EC0AE9802E
[usbmuxd] Detached: 216 00008030-001D04EC0AE9802E
[usbmuxd] Attached: 217 00008030-001D04EC0AE9802E
[usbmuxd] Detached: 217 00008030-001D04EC0AE9802E
[usbmuxd] Attached: 219 00008030-001D04EC0AE9802E
[usbmuxd] Detached: 219 00008030-001D04EC0AE9802E
[usbmuxd] Attached: 221 00008030-001D04EC0AE9802E
[usbmuxd] Detached: 221 00008030-001D04EC0AE9802E
[usbmuxd] Attached: 222 00008030-001D04EC0AE9802E
[usbmuxd] Detached: 222 00008030-001D04EC0AE9802E
[usbmuxd] Attached: 223 00008030-001D04EC0AE9802E
[usbmuxd] Detached: 223 00008030-001D04EC0AE9802E
[usbmuxd] Attached: 225 00008030-001D04EC0AE9802E
[usbmuxd] Detached: 225 00008030-001D04EC0AE9802E
[usbmuxd] Attached: 227 00008030-001D04EC0AE9802E
[usbmuxd] Detached: 227 00008030-001D04EC0AE9802E
[usbmuxd] Attached: 228 00008030-001D04EC0AE9802E
[usbmuxd] Detached: 228 00008030-001D04EC0AE9802E
[usbmuxd] Attached: 230 00008030-001D04EC0AE9802E
[usbmuxd] Detached: 230 00008030-001D04EC0AE9802E
[usbmuxd] Attached: 231 00008030-001D04EC0AE9802E
[usbmuxd] Detached: 231 00008030-001D04EC0AE9802E
[usbmuxd] Attached: 232 00008030-001D04EC0AE9802E
[usbmuxd] Detached: 232 00008030-001D04EC0AE9802E
[usbmuxd] Attached: 234 00008030-001D04EC0AE9802E
[usbmuxd] Detached: 234 00008030-001D04EC0AE9802E
[usbmuxd] Attached: 235 00008030-001D04EC0AE9802E
[usbmuxd] Detached: 235 00008030-001D04EC0AE9802E
[usbmuxd] Attached: 237 00008030-001D04EC0AE9802E
[usbmuxd] Detached: 237 00008030-001D04EC0AE9802E
[usbmuxd] Attached: 238 00008030-001D04EC0AE9802E
[usbmuxd] Detached: 238 00008030-001D04EC0AE9802E
[usbmuxd] Attached: 239 00008030-001D04EC0AE9802E
[usbmuxd] Detached: 239 00008030-001D04EC0AE9802E
[usbmuxd] Attached: 240 00008030-001D04EC0AE9802E
[usbmuxd] Detached: 240 00008030-001D04EC0AE9802E
[usbmuxd] Attached: 241 00008030-001D04EC0AE9802E
[usbmuxd] Detached: 241 00008030-001D04EC0AE9802E
========================================================================
Received Prepare
Begin MonoManager ReloadAssembly
Thread 0x29be87000 may have been prematurely finalized
Symbol file LoadedFromMemory doesn't match image /Volumes/SSD/Gambling/Rock of Ancient/Rock of Ancient/Library/PackageCache/com.unity.visualscripting@1.8.0/Editor/VisualScripting.Core/Dependencies/YamlDotNet/Unity.VisualScripting.YamlDotNet.dll
Symbol file LoadedFromMemory doesn't match image /Volumes/SSD/Gambling/Rock of Ancient/Rock of Ancient/Library/PackageCache/com.unity.visualscripting@1.8.0/Editor/VisualScripting.Core/Dependencies/DotNetZip/Unity.VisualScripting.IonicZip.dll
- Loaded All Assemblies, in  0.526 seconds
Refreshing native plugins compatible for Editor in 2.81 ms, found 3 plugins.
Native extension for LinuxStandalone target not found
Native extension for WindowsStandalone target not found
Native extension for iOS target not found
Native extension for Android target not found
Native extension for OSXStandalone target not found
Native extension for WebGL target not found
Mono: successfully reloaded assembly
- Finished resetting the current domain, in  0.656 seconds
Domain Reload Profiling: 1182ms
	BeginReloadAssembly (120ms)
		ExecutionOrderSort (0ms)
		DisableScriptedObjects (14ms)
		BackupInstance (0ms)
		ReleaseScriptingObjects (0ms)
		CreateAndSetChildDomain (47ms)
	RebuildCommonClasses (22ms)
	RebuildNativeTypeToScriptingClass (8ms)
	initialDomainReloadingComplete (15ms)
	LoadAllAssembliesAndSetupDomain (360ms)
		LoadAssemblies (191ms)
		RebuildTransferFunctionScriptingTraits (0ms)
		AnalyzeDomain (199ms)
			TypeCache.Refresh (194ms)
				TypeCache.ScanAssembly (181ms)
			ScanForSourceGeneratedMonoScriptInfo (2ms)
			ResolveRequiredComponents (3ms)
	FinalizeReload (656ms)
		ReleaseScriptCaches (0ms)
		RebuildScriptCaches (0ms)
		SetupLoadedEditorAssemblies (231ms)
			LogAssemblyErrors (0ms)
			InitializePlatformSupportModulesInManaged (41ms)
			SetLoadedEditorAssemblies (3ms)
			RefreshPlugins (0ms)
			BeforeProcessingInitializeOnLoad (35ms)
			ProcessInitializeOnLoadAttributes (141ms)
			ProcessInitializeOnLoadMethodAttributes (10ms)
			AfterProcessingInitializeOnLoad (1ms)
			EditorAssembliesLoaded (0ms)
		ExecutionOrderSort2 (0ms)
		AwakeInstancesAfterBackupRestoration (2ms)
Refreshing native plugins compatible for Editor in 3.02 ms, found 3 plugins.
Preloading 0 native plugins for Editor in 0.00 ms.
Unloading 3248 Unused Serialized files (Serialized files now loaded: 0)
Unloading 68 unused Assets / (51.0 KB). Loaded Objects now: 3746.
Memory consumption went from 208.7 MB to 208.7 MB.
Total: 2.681042 ms (FindLiveObjects: 0.124584 ms CreateObjectMapping: 0.042791 ms MarkObjects: 2.396417 ms  DeleteObjects: 0.116375 ms)

Prepare: number of updated asset objects reloaded= 0
AssetImportParameters requested are different than current active one (requested -> active):
  custom:scripting/monoscript/fileName/JoystickEditor.cs: 406670d2fe263f5d7c582f8389f2b844 -> 
  custom:scripting/monoscript/fileName/TCP2_GradientManager.cs: a8cb5740870b39e316c8a7c50874ce30 -> 
  custom:container-demuxer-ogg: 62fdf1f143b41e24485cea50d1cbac27 -> 
  custom:scripting/monoscript/fileName/JoystickPlayerExample.cs: 2ec96b3abad264f4393a91b76b487cb7 -> 
  custom:scripting/monoscript/fileName/TCP2_ShaderGeneratorUtils.cs: 9c7aac7c5398a863aa5ef5699292a33b -> 
  custom:scripting/monoscript/fileName/GameManager.cs: 9933fbcc6190e2a9171c2ec8808a053e -> 
  custom:scripting/monoscript/fileName/JoystickSetterExample.cs: 9ef810522df7cdd512f52a98ae7a04f9 -> 
  custom:video-decoder-ogg-theora: a1e56fd34408186e4bbccfd4996cb3dc -> 
  custom:scripting/monoscript/fileName/TCP2_GetPosOnWater_Editor.cs: ce4559eba0076e67582edc9e5cd1bf3a -> 
  custom:scripting/monoscript/fileName/DynamicJoystickEditor.cs: f92673ca2cd03c2f140cf81ccfee7ccb -> 
  custom:scripting/monoscript/fileName/SkyboxRotator.cs: c122ade9e2d3a916264f47a45be02789 -> 
  custom:scripting/monoscript/fileName/TCP2_GUI.cs: 9da1aa00fa03a8cbbe4fb2bfbd8b3735 -> 
  custom:scripting/monoscript/fileName/TCP2_RuntimeUtils.cs: 0ab6ce00215d9042340fffb5effaa22e -> 
  custom:scripting/monoscript/fileName/DynamicJoystick.cs: fa6fdbd0de9beec4a70bc764c26bb796 -> 
  custom:scripting/monoscript/fileName/LettersCollor.cs: 402d8b8e44dd69e1dafef36c3f717549 -> 
  custom:scripting/monoscript/fileName/PlayerMovementControl.cs: e889c2ce82e6f10e940d9faf87e23dfd -> 
  custom:CustomObjectIndexerAttribute: 756ad292c208cfabdd7b50bc23989ffe -> 
  custom:scripting/monoscript/fileName/LettersObjectEnabler.cs: 59c855d0fa9ca03a91607287ec8282f3 -> 
  custom:container-demuxer-webm: 4f35f7cbe854078d1ac9338744f61a02 -> 
  custom:scripting/monoscript/fileName/TCP2_Utils.cs: 81e4f24e908420966db1cce671db2b86 -> 
  custom:scripting/monoscript/fileName/TCP2_MaterialInspector_PBS_SG.cs: 460ebbf2e36fea092951c957b6df65dc -> 
  custom:scripting/monoscript/fileName/TCP2_Menu.cs: ce2e1bd819fc9a5ea875522ead7a6986 -> 
  custom:scripting/monoscript/fileName/FloatingJoystick.cs: 516035e2342d093d90fb2bd11ff41e68 -> 
  custom:scripting/monoscript/fileName/CameraFollow.cs: de990732cc429467f8f49571d0872163 -> 
  custom:scripting/monoscript/fileName/TCP2_CameraDepth.cs: 0a8ab1e1af7670fc41941ea34ebb62e3 -> 
  custom:scripting/monoscript/fileName/FPSWalkerEnhanced.cs: 83ef146d82d16e0154acb6ccb6ea706a -> 
  custom:scripting/monoscript/fileName/Singleton.cs: 8f6297df34271fdb1ce2d9607ec6261d -> 90647cc400823b41df847a6cbfc29026
  custom:container-muxer-webm: aa71ff27fc2769a1b78a27578f13a17b -> 
  custom:video-decoder-webm-vp8: 9c59270c3fd7afecdb556c50c9e8de78 -> 
  custom:scripting/monoscript/fileName/TCP2_ShaderUpdateUnityTime_Editor.cs: a68e8abab89e6087f8c8574c7a99d5b5 -> 
  custom:scripting/monoscript/fileName/TCP2_ShaderGenerator.UIFeatures.cs: 1d2933bc56d7311d0449931f9ae688f2 -> 
  custom:scripting/monoscript/fileName/SkyboxChanger.cs: 27a9374ce1608ea6a343361af3aa7d38 -> 
  custom:AudioImporter_EditorPlatform: 3918e3fc78b5a79bad01e8451be0beb8 -> 
  custom:scripting/monoscript/fileName/TCP2_MaterialInspector_SurfacePBS_SG.cs: 696d30802c64eaebeea55667b0b9a9c6 -> 
  custom:scripting/monoscript/fileName/LevelLetter.cs: f44979240834efd79bf8f7ee42ba99fb -> 
  custom:scripting/monoscript/fileName/VariableJoystickEditor.cs: fee5e077b31909c4bba3d7329fdefd90 -> 
  custom:scripting/monoscript/fileName/TCP2_ShaderUpdateUnityTime.cs: 0ab4f42e01b5882e48eac30fe2c1ac94 -> 
  custom:scripting/monoscript/fileName/TCP2_PlanarReflection.cs: 1c507eb294014d8ee727c3dba8d8c63c -> 
  custom:scripting/monoscript/fileName/TCP2_RampGenerator.cs: cee165a3e5b21fb77b2dbbeaaf6f541a -> 
  custom:framework-osx-AVFoundation: e770b220cccbd017edd2c1fefb359320 -> 
  custom:scripting/monoscript/fileName/TCP2_MaterialInspector_SG.cs: d25c305f0c08552721eedcbb0a919d08 -> 
  custom:scripting/monoscript/fileName/LevelNumberManager.cs: 52a6f1687733b22d1a66109b72d802bf -> 
  custom:scripting/monoscript/fileName/TCP2_Config.cs: 89373d780ee9ac0e5180adf975f4999e -> 
  custom:video-encoder-webm-vp8: eb34c28f22e8b96e1ab97ce403110664 -> 
  custom:scripting/monoscript/fileName/TCP2_MaterialInspector.cs: 3c34d9c8cd5840743f2b2846879ca4b0 -> 
  custom:scripting/monoscript/fileName/SmoothMouseLook.cs: e12fd67feef9d119daa060f2b0fae928 -> 
  custom:scripting/monoscript/fileName/TCP2_GetPosOnWater.cs: 1bd6b61ff2aaea8774213482829b7e04 -> 
  custom:audio-decoder-ogg-vorbis: bf7c407c2cedff20999df2af8eb42d56 -> 
  custom:scripting/monoscript/fileName/LettersFollow.cs: 63f9ccb07f04632cf428d62ebbce452a -> 
  custom:scripting/monoscript/fileName/TCP2_OutlineInspector.cs: 05d125d75323aa4419b44ac4f482c81c -> 
  custom:scripting/monoscript/fileName/FloatingJoystickEditor.cs: 20a94efd412f2009d4e6722fe16a3051 -> 
  custom:scripting/monoscript/fileName/VariableJoystick.cs: 6a21e483212ef280c767be5522709419 -> 
  custom:scripting/monoscript/fileName/FixedJoystick.cs: ceaced0056a716bd82a85e0f3d488361 -> 
  custom:scripting/monoscript/fileName/EnemyMovement.cs: 412fe8bfc02b303367e86c00beafba4d -> 
  custom:scripting/monoscript/fileName/TCP2_ExpressionParser.cs: bce801af8075035dd5ce8fa98c7fff39 -> 
  custom:scripting/monoscript/fileName/TCP2_MaterialInspector_PBS.cs: d24cd2826ab76e671701064f2ee9284a -> 
  custom:scripting/monoscript/fileName/TCP2_SmoothedNormalsUtility.cs: a2d8e9a6bfea1459eaab740b372d1d2f -> 
  custom:scripting/monoscript/fileName/Joystick.cs: c13c665079b3ba178e3a8ef05c62070b -> 
  custom:audio-encoder-webm-vorbis: bf7c407c2cedff20999df2af8eb42d56 -> 
